Converting 1_foot_balance_weight_press.mp4...
Completed 1_foot_balance_weight_press.mp4
Converting 1_foot_heel_bridges.mp4...
Completed 1_foot_heel_bridges.mp4
Converting adductors_with_med_ball.mp4...
Completed adductors_with_med_ball.mp4
Converting ankle_circles.mp4...
Completed ankle_circles.mp4
Converting ankle_rocks.mp4...
Completed ankle_rocks.mp4
Converting balance_board_tilts.mp4...
Completed balance_board_tilts.mp4
Converting balanced_rdl_pass_through.mp4...
Completed balanced_rdl_pass_through.mp4
Converting banded_abductors_with_kickouts.mp4...
Completed banded_abductors_with_kickouts.mp4
Converting banded_ankle_flicks.mp4...
Completed banded_ankle_flicks.mp4
Converting banded_glute_bridge_abductors.mp4...
Completed banded_glute_bridge_abductors.mp4
Converting banded_knee_drives.mp4...
Completed banded_knee_drives.mp4
Converting banded_mountain_climbers.mp4...
Completed banded_mountain_climbers.mp4
Converting banded_side_clams.mp4...
Completed banded_side_clams.mp4
Converting banded_side_leg_raise.mp4...
Completed banded_side_leg_raise.mp4
Converting box_jumps.mp4...
Completed box_jumps.mp4
Converting calf_and_ankle_stretch.mp4...
Completed calf_and_ankle_stretch.mp4
Converting calf_raises.mp4...
Completed calf_raises.mp4
Converting calf_wall_stretch.mp4...
Completed calf_wall_stretch.mp4
Converting figure_four_stretch.mp4...
Completed figure_four_stretch.mp4
Converting flamingo_stretch.mp4...
Completed flamingo_stretch.mp4
Converting glute_bridges.mp4...
Completed glute_bridges.mp4
Converting heel_floor_bridges.mp4...
Completed heel_floor_bridges.mp4
Converting heel_to_toe_walk.mp4...
Completed heel_to_toe_walk.mp4
Converting hip_flexor_stretch.mp4...
Completed hip_flexor_stretch.mp4
Converting ice_skaters.mp4...
Completed ice_skaters.mp4
Converting jump_squats.mp4...
Completed jump_squats.mp4
Converting kettle_bell_swings.mp4...
Completed kettle_bell_swings.mp4
Converting knee_hug_turns.mp4...
Completed knee_hug_turns.mp4
Converting knee_lifts.mp4...
Completed knee_lifts.mp4
Converting kneeling_ins_and_outs.mp4...
Completed kneeling_ins_and_outs.mp4
Converting lateral_banded_walk.mp4...
Completed lateral_banded_walk.mp4
Converting lay_back_knee_hugs.mp4...
Completed lay_back_knee_hugs.mp4
Converting pigeon_bridges.mp4...
Completed pigeon_bridges.mp4
Converting side_plank_dips.mp4...
Completed side_plank_dips.mp4
Converting single_leg_board_stance.mp4...
Completed single_leg_board_stance.mp4
Converting single_leg_bounds.mp4...
Completed single_leg_bounds.mp4
Converting single_leg_catch_and_throw.mp4...
Completed single_leg_catch_and_throw.mp4
Converting sitting_bench_pigeons_and_knee_hugs.mp4...
Completed sitting_bench_pigeons_and_knee_hugs.mp4
Converting squat_hold_and_pulses.mp4...
Completed squat_hold_and_pulses.mp4
Converting standing_crossed_leg_hamstring.mp4...
Completed standing_crossed_leg_hamstring.mp4
Converting standing_weight_shifts.mp4...
Completed standing_weight_shifts.mp4
Converting straight_leg_hamstring_hug.mp4...
Completed straight_leg_hamstring_hug.mp4
Converting straight_leg_hugs.mp4...
Completed straight_leg_hugs.mp4
Converting thrusters.mp4...
Completed thrusters.mp4
Converting truck_jumps.mp4...
Completed truck_jumps.mp4
Converting weighted_calf_raises.mp4...
Completed weighted_calf_raises.mp4
Converting weighted_crab_walks.mp4...
Completed weighted_crab_walks.mp4
Converting weighted_lunges.mp4...
Completed weighted_lunges.mp4
Converting weighted_side_to_side_abductors.mp4...
Completed weighted_side_to_side_abductors.mp4
Converting weighted_single_leg_balance_hold.mp4...
Completed weighted_single_leg_balance_hold.mp4
Converting weighted_step_ups.mp4...
Completed weighted_step_ups.mp4
All video conversions completed!
